2021-10-04 17:05:09,713 - root - Script has been invoked!
2021-10-04 17:05:09,713 - root - Constructing the message from parsed arguments.
2021-10-04 17:05:09,714 - root - The message must be more than 1 character and less than 250 characters.
2021-10-04 17:05:09,714 - root - Script execution is unsuccessfull!
2021-10-04 17:06:06,363 - root - Constructing the message from parsed arguments.
2021-10-04 17:06:06,364 - root - The message is within acceptable parameters
2021-10-04 17:06:06,364 - root - Default directory does not esist.
2021-10-04 17:06:06,367 - root - Attempting to creating the directory
2021-10-04 17:06:06,367 - root - Default directory could not be created due to access permission issue.
2021-10-04 17:06:06,367 - root - Instead of default directory program will now use current working directory.
2021-10-04 17:06:06,367 - root - Private and Public keys does not exist.
2021-10-04 17:06:06,444 - root - Key pair has been generated
2021-10-04 17:06:06,444 - root - Private key has been written to the PEM file.
2021-10-04 17:06:06,445 - root - Private key has been configured in the form of pkey() object.
2021-10-04 17:06:06,445 - root - Public key has been written to the PEM file.
2021-10-04 17:06:06,445 - root - Public key has been loaded from the PEM file and decoded to Base64.
2021-10-04 17:06:06,447 - root - Signature has been formed and decoded to Base64
2021-10-04 17:06:06,448 - root - {'message': 'Hello Zindagi', 'signature': 'PKtRNGUQkOJmnGuDXYMYvwutwBGnMxrSCrpVzlQLcgPMMUB+KTZvoW1RiCBup2n8oxVGTYBJcfJA\nh0Xyt9ml9snZcYO0j/XfrJovmxbqNJi+61Hze7FOSrQ3YG+dNfP6AEInB5QJAU0WzzdEdhqI35oP\n1smNf5dIKAZT7LC/wNtmEhQY8W4CRN8uraQiEiAr9nldkyXQlP0EAm3NVnJbsms79UGXrE83k8BV\n8uPtiGGnkD0vzLEa30XfHZEt7Jgb15v3DRIfF3vNM7cI1reNL4hXCXRtDl1y6tmW/ul0IMOSTj9B\nhkDy6EW7+DCH/HWci1s16GJS5kEflmsbpSlBMw==\n', 'pubkey': '-----BEGIN PUBLIC KEY-----\nMIIBIjANBgkqhkiG9w0BAQEFAAOCAQ8AMIIBCgKCAQEAupT5946ExlvvQgrtn/Ei\nyrvl05hULTLgt49qcQZb/56ANxv1eEIyuUBxlcs6TKQ8KoM+xYJMQhDRuA5aVKGr\nT1UnmkYCnO9+56sbp22R481ueFlS+EYeaechhsvUafxw00tRabL+OyLZFp0p7OKI\nVHFPa5q/ek4rMRucjjWzNDuJIM42RtGzNEIdVtCzLkMKWbtiHfSodVvolu+mNard\n7fcgDJjwhc1Iw3B228t/DgHjBWMDB0fOVWWru8M7Z+ack0F/cY54duRcdsewrIwx\nA3YOy/IB/bO6SUp0t86FYpsnZWKdaxriQ7Qtv6cF/ajQe8bES7W5OG2SxToKhJ+X\nRwIDAQAB\n-----END PUBLIC KEY-----\n'}
2021-10-04 17:06:06,448 - root - JSON has been formed and decoded to Base64
2021-10-04 17:07:02,545 - root - Constructing the message from parsed arguments.
2021-10-04 17:07:02,546 - root - The message must be more than 1 character and less than 250 characters.
2021-10-04 17:07:02,546 - root - Script execution is unsuccessfull!
